<?xml version="1.0" encoding="UTF-8"?>
<!-- Generated by org.testng.reporters.JUnitXMLReporter -->
<testsuite ignored="0" hostname="LAPTOP-VJ5L7PNA" failures="0" tests="3" name="Default test" time="9.702" errors="0" timestamp="2022-11-08T01:49:16 IST">
  <testcase classname="TestVigrantAssignment.ImdbAndWiki" name="Imdb" time="7.652"/>
  <testcase classname="TestVigrantAssignment.ImdbAndWiki" name="Wiki" time="1.997"/>
  <testcase classname="TestVigrantAssignment.ImdbAndWiki" name="ValidationOfWikiAndImdb" time="0.002"/>
</testsuite> <!-- Default test -->
