<?xml version="1.0" encoding="UTF-8"?>
<testng-results ignored="0" total="3" passed="3" failed="0" skipped="0">
  <reporter-output>
  </reporter-output>
  <suite started-at="2022-11-08T01:49:06 IST" name="Default suite" finished-at="2022-11-08T01:49:16 IST" duration-ms="9702">
    <groups>
    </groups>
    <test started-at="2022-11-08T01:49:06 IST" name="Default test" finished-at="2022-11-08T01:49:16 IST" duration-ms="9702">
      <class name="TestVigrantAssignment.ImdbAndWiki">
        <test-method signature="Imdb()[pri:1, instance:TestVigrantAssignment.ImdbAndWiki@14555e0a]" started-at="2022-11-08T01:49:06 IST" name="Imdb" finished-at="2022-11-08T01:49:14 IST" duration-ms="7652" status="PASS">
          <reporter-output>
          </reporter-output>
        </test-method> <!-- Imdb -->
        <test-method signature="Wiki()[pri:2, instance:TestVigrantAssignment.ImdbAndWiki@14555e0a]" started-at="2022-11-08T01:49:14 IST" name="Wiki" finished-at="2022-11-08T01:49:16 IST" duration-ms="1997" status="PASS">
          <reporter-output>
          </reporter-output>
        </test-method> <!-- Wiki -->
        <test-method signature="ValidationOfWikiAndImdb()[pri:3, instance:TestVigrantAssignment.ImdbAndWiki@14555e0a]" started-at="2022-11-08T01:49:16 IST" name="ValidationOfWikiAndImdb" finished-at="2022-11-08T01:49:16 IST" duration-ms="2" status="PASS">
          <reporter-output>
          </reporter-output>
        </test-method> <!-- ValidationOfWikiAndImdb -->
      </class> <!-- TestVigrantAssignment.ImdbAndWiki -->
    </test> <!-- Default test -->
  </suite> <!-- Default suite -->
</testng-results>
